<?xml version="1.0" encoding="UTF-8"?>
<!-- Generated by org.testng.reporters.JUnitReportReporter -->
<testsuite hostname="DESKTOP-VTPUTTF" failures="0" tests="2" name="tests.SanityTest" time="31.428" errors="0" timestamp="2021-04-27T20:13:40 IDT" skipped="0">
  <testcase classname="tests.SanityTest" name="GoingToRestaurant" time="26.763"/>
  <system-out/>
  <testcase classname="tests.SanityTest" name="GoingToOrderPage" time="4.665"/>
  <system-out/>
</testsuite> <!-- tests.SanityTest -->
