<?xml version="1.0" encoding="UTF-8"?>
<!-- Generated by org.testng.reporters.JUnitReportReporter -->
<testsuite hostname="DESKTOP-VTPUTTF" failures="0" tests="1" name="tests.ErrorLoginTest" time="2.204" errors="0" timestamp="2021-04-23T11:49:01 IDT" skipped="0">
  <testcase classname="tests.ErrorLoginTest" name="errMessage" time="2.204"/>
  <system-out/>
</testsuite> <!-- tests.ErrorLoginTest -->
