<?xml version="1.0" encoding="UTF-8"?>
<!-- Generated by org.testng.reporters.JUnitReportReporter -->
<testsuite hostname="DESKTOP-VTPUTTF" failures="0" tests="2" name="tests.RegistrationTest" time="4.355" errors="0" timestamp="2021-04-27T17:31:15 IDT" skipped="0">
  <testcase classname="tests.RegistrationTest" name="goToRegister" time="1.285"/>
  <system-out/>
  <testcase classname="tests.RegistrationTest" name="fillRegistrationDetails" time="3.070"/>
  <system-out/>
</testsuite> <!-- tests.RegistrationTest -->
