<?xml version="1.0" encoding="UTF-8"?>
<!-- Generated by org.testng.reporters.JUnitReportReporter -->
<testsuite hostname="DESKTOP-VTPUTTF" failures="0" tests="2" name="tests.LoginTest" time="23.129" errors="0" timestamp="2021-04-27T20:07:34 IDT" skipped="0">
  <testcase classname="tests.LoginTest" name="ClickOnLogin" time="4.738"/>
  <system-out/>
  <testcase classname="tests.LoginTest" name="LoginUsingFacebook" time="18.391"/>
  <system-out/>
</testsuite> <!-- tests.LoginTest -->
