<?xml version="1.0" encoding="UTF-8"?>
<!-- Generated by org.testng.reporters.JUnitReportReporter -->
<testsuite hostname="DESKTOP-VTPUTTF" failures="0" tests="1" name="tests.ErrorLoginTest" time="5.143" errors="0" timestamp="2021-04-27T20:18:45 IDT" skipped="0">
  <testcase classname="tests.ErrorLoginTest" name="errMessage" time="5.143"/>
  <system-out/>
</testsuite> <!-- tests.ErrorLoginTest -->
