<?xml version="1.0" encoding="UTF-8"?>
<!-- Generated by org.testng.reporters.JUnitReportReporter -->
<testsuite hostname="DESKTOP-VTPUTTF" failures="0" tests="1" name="tests.CareerTest" time="30.633" errors="0" timestamp="2021-04-27T20:18:45 IDT" skipped="0">
  <testcase classname="tests.CareerTest" name="ClickOnJobField" time="30.633"/>
  <system-out/>
</testsuite> <!-- tests.CareerTest -->
